INFO:root:Wed Oct 28 19:40:29 2020 Reinkor_Lor#8400 Program "!calc" started
INFO:root:Wed Oct 28 19:40:29 2020 Reinkor_Lor#8400 added 522*43+(255+346) to get 23047 
INFO:root:Wed Oct 28 19:40:29 2020Done!
INFO:discord.client:Received signal to terminate bot and event loop.
INFO:discord.client:Cleaning up tasks.
INFO:discord.client:Cleaning up after 1 tasks.
INFO:discord.client:All tasks finished cancelling.
INFO:discord.client:Closing the event loop.
INFO:root:Wed Oct 28 20:13:10 2020 Reinkor_Lor#8400 Program "!calc" started
INFO:root:Wed Oct 28 20:13:10 2020 Reinkor_Lor#8400 Program "!calc" started
INFO:root:Wed Oct 28 20:13:10 2020 Reinkor_Lor#8400 Program "!calc" started
INFO:root:Wed Oct 28 20:13:10 2020 Reinkor_Lor#8400 added 522*43+(255+346) to get 23047 
INFO:root:Wed Oct 28 20:13:10 2020 Done!
WARNING:discord.http:We are being rate limited. Retrying in 4.67 seconds. Handled under the bucket "768159965767663657:None:/channels/{channel_id}/messages"
INFO:root:Wed Oct 28 20:13:10 2020 Reinkor_Lor#8400 added 522*43+(255+346) to get 23047 
INFO:root:Wed Oct 28 20:13:10 2020 Done!
INFO:root:Wed Oct 28 20:13:10 2020 Reinkor_Lor#8400 added 522*43+(255+346) to get 23047 
INFO:root:Wed Oct 28 20:13:10 2020 Done!
INFO:root:Wed Oct 28 20:13:20 2020 Reinkor_Lor#8400 Program "!calc" started
INFO:root:Wed Oct 28 20:13:20 2020 Reinkor_Lor#8400 Program "!calc" started
INFO:root:Wed Oct 28 20:13:20 2020 Reinkor_Lor#8400 Program "!calc" started
WARNING:discord.http:We are being rate limited. Retrying in 0.82 seconds. Handled under the bucket "768159965767663657:None:/channels/{channel_id}/messages"
INFO:root:Wed Oct 28 20:13:20 2020 Reinkor_Lor#8400 added 522*43+(255+346) to get 23047 
INFO:root:Wed Oct 28 20:13:20 2020 Done!
INFO:root:Wed Oct 28 20:13:20 2020 Reinkor_Lor#8400 added 522*43+(255+346) to get 23047 
INFO:root:Wed Oct 28 20:13:20 2020 Done!
INFO:root:Wed Oct 28 20:13:20 2020 Reinkor_Lor#8400 added 522*43+(255+346) to get 23047 
INFO:root:Wed Oct 28 20:13:20 2020 Done!
INFO:root:Wed Oct 28 20:16:55 2020 Reinkor_Lor#8400 Program "!calc" started
INFO:root:Wed Oct 28 20:16:55 2020 Reinkor_Lor#8400 added 522*43+(255+346) to get 23047 
INFO:root:Wed Oct 28 20:16:55 2020 Done!
